-- The CXX compiler identification is GNU 11.4.0
-- Detecting CXX compiler ABI info
-- Detecting CXX compiler ABI info - done
-- Check for working CXX compiler: /usr/bin/c++ - skipped
-- Detecting CXX compile features
-- Detecting CXX compile features - done
-- Looking for C++ include pthread.h
-- Looking for C++ include pthread.h - found
-- Performing Test CMAKE_HAVE_LIBC_PTHREAD
-- Performing Test CMAKE_HAVE_LIBC_PTHREAD - Success
-- Found Threads: TRUE  
-- The C compiler identification is GNU 11.4.0
-- Detecting C compiler ABI info
-- Detecting C compiler ABI info - done
-- Check for working C compiler: /usr/bin/cc - skipped
-- Detecting C compile features
-- Detecting C compile features - done
-- Found Python: /usr/bin/python3.10 (found version "3.10.12") found components: Interpreter 
-- Using the multi-header code from /home/ubuntu/elizaos-cpp/build/_deps/nlohmann_json-src/include/
-- LJSpeechTools: Using mock implementation (libsndfile not found)
-- ElizaOS-CPP Configuration Summary:
--   Version: 1.0.0
--   Build type: Release
--   C++ standard: 17
--   Install prefix: /usr/local
--   libcurl: Found
-- Configuring done
-- Generating done
-- Build files have been written to: /home/ubuntu/elizaos-cpp/build
